#
# A fatal error has been detected by the Java Runtime Environment:
#
#  SIGSEGV (0xb) at pc=0x0000000105f3355c, pid=90418, tid=19715
#
# JRE version: Java(TM) SE Runtime Environment (7.0_45-b18) (build 1.7.0_45-b18)
# Java VM: Java HotSpot(TM) 64-Bit Server VM (24.45-b08 mixed mode bsd-amd64 compressed oops)
# Problematic frame:
# V  [libjvm.dylib+0x33355c]  jvmti_IsMethodSynthetic+0xb9
#
# Failed to write core dump. Core dumps have been disabled. To enable core dumping, try "ulimit -c unlimited" before starting Java again
#
# If you would like to submit a bug report, please visit:
#   http://bugreport.sun.com/bugreport/crash.jsp
#

---------------  T H R E A D  ---------------

Current thread (0x00007fd2b3810800):  JavaThread "JDWP Transport Listener: dt_socket" daemon [_thread_in_vm, id=19715, stack(0x000000011119b000,0x000000011129b000)]

siginfo:si_signo=SIGSEGV: si_errno=0, si_code=0 (SEGV0), si_addr=0x0000000000000000

Registers:
RAX=0x0000000000000001, RBX=0x000000011129aa8b, RCX=0x00000000000fc080, RDX=0x000000011129aa8b
RSP=0x000000011129a9f0, RBP=0x000000011129aa40, RSI=0x00007fd2b3810800, RDI=0x00007fd2b17020e0
R8 =0x00007fd2b1419040, R9 =0x0000000000000000, R10=0x0000000086afe6d6, R11=0x000000003f13e861
R12=0x00007fd2b3810800, R13=0x6000000000000000, R14=0x6000000000000000, R15=0x00007fd2b17020e0
RIP=0x0000000105f3355c, EFLAGS=0x0000000000010206, ERR=0x0000000000000000
  TRAPNO=0x000000000000000d

Top of Stack: (sp=0x000000011129a9f0)
0x000000011129a9f0:   00007fd2b3810800 0000000000000000
0x000000011129aa00:   0000000000000000 0000000000000000
0x000000011129aa10:   00007fd2b3810800 00007fd2b3810800
0x000000011129aa20:   000000011129aa8b 000000011129aa90
0x000000011129aa30:   6000000000000000 0000000000000010
0x000000011129aa40:   000000011129aa60 00000001067261f8
0x000000011129aa50:   0000000000000001 000000011129ab08
0x000000011129aa60:   000000011129aad0 000000010670b02b
0x000000011129aa70:   000000011129aaa0 00007fd2b1418e20
0x000000011129aa80:   0000001100000032 000000020029ab08
0x000000011129aa90:   0000000000000000 0000000000000000
0x000000011129aaa0:   0000000000000000 000000011129ac90
0x000000011129aab0:   000000010672ddc0 00007fd2b303a4f0
0x000000011129aac0:   000000011129ab08 0000000106739578
0x000000011129aad0:   000000011129aae0 000000010670b124
0x000000011129aae0:   000000011129ad00 00000001067146b2
0x000000011129aaf0:   00000d3200000013 00000000000f0200
0x000000011129ab00:   00007fd2b3039c50 00007fd2b40015a7
0x000000011129ab10:   00007fd2000007b9 00007fd2b1418fc0
0x000000011129ab20:   00007fd20000012c 000000011129ab58
0x000000011129ab30:   00007fd2b14196e0 00007f0000000000
0x000000011129ab40:   00000d3200000072 00007fff00002e80
0x000000011129ab50:   000000011129ab58 d27f000011000000
0x000000011129ab60:   0600000068d000b3 00003e74696e693c
0x000000011129ab70:   0000005629280300 7f00000100000000
0x000000011129ab80:   000000e0d000b3d2 6f70655274656718
0x000000011129ab90:   724379726f746973 7461446465746165
0x000000011129aba0:   6f4c285500000065 656d73736f2f6772
0x000000011129abb0:   6f7065722f726574 6d2f79726f746973
0x000000011129abc0:   7469672f6c65646f 487469472f627568
0x000000011129abd0:   6172546775426275 6f4c293b72656b63
0x000000011129abe0:   656d73736f2f6772 74616c702f726574 

Instructions: (pc=0x0000000105f3355c)
0x0000000105f3353c:   00 00 00 41 f6 87 68 01 00 00 10 75 07 b8 63 00
0x0000000105f3354c:   00 00 eb 7a 4d 85 f6 75 07 b8 17 00 00 00 eb 6e
0x0000000105f3355c:   4d 8b 36 48 b8 fe fe fe fe fe fe fe fe 49 39 c6
0x0000000105f3356c:   74 e7 4d 85 f6 74 e2 48 8d 05 16 f7 4c 00 80 38 

Register to memory mapping:

RAX=0x0000000000000001 is an unknown value
RBX=0x000000011129aa8b is pointing into the stack for thread: 0x00007fd2b3810800
RCX=0x00000000000fc080 is an unknown value
RDX=0x000000011129aa8b is pointing into the stack for thread: 0x00007fd2b3810800
RSP=0x000000011129a9f0 is pointing into the stack for thread: 0x00007fd2b3810800
RBP=0x000000011129aa40 is pointing into the stack for thread: 0x00007fd2b3810800
RSI=0x00007fd2b3810800 is a thread
RDI=0x00007fd2b17020e0 is an unknown value
R8 =0x00007fd2b1419040 is an unknown value
R9 =0x0000000000000000 is an unknown value
R10=0x0000000086afe6d6 is an unknown value
R11=0x000000003f13e861 is an unknown value
R12=0x00007fd2b3810800 is a thread
R13=0x6000000000000000 is an unknown value
R14=0x6000000000000000 is an unknown value
R15=0x00007fd2b17020e0 is an unknown value


Stack: [0x000000011119b000,0x000000011129b000],  sp=0x000000011129a9f0,  free space=1022k
Native frames: (J=compiled Java code, j=interpreted, Vv=VM code, C=native code)
V  [libjvm.dylib+0x33355c]  jvmti_IsMethodSynthetic+0xb9
C  [libjdwp.dylib+0x201f8]  isMethodSynthetic+0x63
C  [libjdwp.dylib+0x502b]  methods1+0x10b
C  [libjdwp.dylib+0x5124]  methodsWithGeneric+0xe
C  [libjdwp.dylib+0xe6b2]  debugLoop_run+0x1ce
C  [libjdwp.dylib+0x1f132]  attachThread+0x4d
V  [libjvm.dylib+0x37417e]  JvmtiAgentThread::call_start_function()+0x38
V  [libjvm.dylib+0x4efb47]  JavaThread::thread_main_inner()+0x9b
V  [libjvm.dylib+0x4f124f]  JavaThread::run()+0x1a3
V  [libjvm.dylib+0x41b1c6]  java_start(Thread*)+0x126
C  [libsystem_pthread.dylib+0x1899]  _pthread_body+0x8a
C  [libsystem_pthread.dylib+0x172a]  _pthread_struct_init+0x0
C  [libsystem_pthread.dylib+0x5fc9]  thread_start+0xd


---------------  P R O C E S S  ---------------

Java Threads: ( => current thread )
  0x00007fd2b4836800 JavaThread "Service Thread" daemon [_thread_blocked, id=22275, stack(0x00000001116aa000,0x00000001117aa000)]
  0x00007fd2b2823000 JavaThread "C2 CompilerThread1" daemon [_thread_blocked, id=21763, stack(0x00000001115a7000,0x00000001116a7000)]
  0x00007fd2b400d000 JavaThread "C2 CompilerThread0" daemon [_thread_blocked, id=21251, stack(0x00000001114a4000,0x00000001115a4000)]
  0x00007fd2b2821800 JavaThread "JDWP Command Reader" daemon [_thread_in_native, id=20739, stack(0x00000001113a1000,0x00000001114a1000)]
  0x00007fd2b2809000 JavaThread "JDWP Event Helper Thread" daemon [_thread_blocked, id=20227, stack(0x000000011129e000,0x000000011139e000)]
=>0x00007fd2b3810800 JavaThread "JDWP Transport Listener: dt_socket" daemon [_thread_in_vm, id=19715, stack(0x000000011119b000,0x000000011129b000)]
  0x00007fd2b400a800 JavaThread "Signal Dispatcher" daemon [_thread_blocked, id=19207, stack(0x0000000111092000,0x0000000111192000)]
  0x00007fd2b380e800 JavaThread "Finalizer" daemon [_thread_blocked, id=16643, stack(0x0000000110f49000,0x0000000111049000)]
  0x00007fd2b380c000 JavaThread "Reference Handler" daemon [_thread_blocked, id=16131, stack(0x0000000110e46000,0x0000000110f46000)]
  0x00007fd2b4000000 JavaThread "main" [_thread_blocked, id=1287, stack(0x00007fff5b131000,0x00007fff5b1b1000)]

Other Threads:
  0x00007fd2b200b000 VMThread [stack: 0x0000000110d43000,0x0000000110e43000] [id=15619]
  0x00007fd2b281b000 WatcherThread [stack: 0x00000001117ad000,0x00000001118ad000] [id=22787]

VM state:not at safepoint (normal execution)

VM Mutex/Monitor currently owned by a thread: None

Heap
 PSYoungGen      total 38912K, used 17986K [0x00000007d5500000, 0x00000007d8000000, 0x0000000800000000)
  eden space 33792K, 53% used [0x00000007d5500000,0x00000007d66909c8,0x00000007d7600000)
  from space 5120K, 0% used [0x00000007d7b00000,0x00000007d7b00000,0x00000007d8000000)
  to   space 5120K, 0% used [0x00000007d7600000,0x00000007d7600000,0x00000007d7b00000)
 ParOldGen       total 87040K, used 0K [0x0000000780000000, 0x0000000785500000, 0x00000007d5500000)
  object space 87040K, 0% used [0x0000000780000000,0x0000000780000000,0x0000000785500000)
 PSPermGen       total 21504K, used 6725K [0x000000077ae00000, 0x000000077c300000, 0x0000000780000000)
  object space 21504K, 31% used [0x000000077ae00000,0x000000077b491490,0x000000077c300000)

Card table byte_map: [0x0000000109814000,0x0000000109c3e000] byte_map_base: 0x0000000105c3d000

Polling page: 0x0000000104bf4000

Code Cache  [0x0000000106754000, 0x00000001069c4000, 0x0000000109754000)
 total_blobs=298 nmethods=56 adapters=205 free_code_cache=48607Kb largest_free_block=49746368

Compilation events (10 events):
Event: 0.444 Thread 0x00007fd2b2823000   51  s!         sun.misc.URLClassPath::getLoader (154 bytes)
Event: 0.455 Thread 0x00007fd2b2823000 nmethod 51 0x00000001067d84d0 code [0x00000001067d8700, 0x00000001067d9800]
Event: 0.852 Thread 0x00007fd2b400d000   53             sun.misc.URLClassPath::getResource (74 bytes)
Event: 0.860 Thread 0x00007fd2b2823000   54             java.util.HashMap::indexFor (6 bytes)
Event: 0.860 Thread 0x00007fd2b2823000 nmethod 54 0x00000001067bca50 code [0x00000001067bcb80, 0x00000001067bcbb8]
Event: 0.860 Thread 0x00007fd2b2823000   55             java.lang.String::substring (79 bytes)
Event: 0.865 Thread 0x00007fd2b2823000 nmethod 55 0x00000001067d4090 code [0x00000001067d4200, 0x00000001067d4678]
Event: 0.865 Thread 0x00007fd2b2823000   56             java.nio.charset.CharsetEncoder::maxBytesPerChar (5 bytes)
Event: 0.866 Thread 0x00007fd2b2823000 nmethod 56 0x00000001067d4b90 code [0x00000001067d4cc0, 0x00000001067d4d18]
Event: 0.894 Thread 0x00007fd2b400d000 nmethod 53 0x00000001067dcb50 code [0x00000001067dd080, 0x00000001067df1c8]

GC Heap History (0 events):
No events

Deoptimization events (4 events):
Event: 0.398 Thread 0x00007fd2b4000000 Uncommon trap: reason=class_check action=maybe_recompile pc=0x00000001067bc23c method=java.lang.String.equals(Ljava/lang/Object;)Z @ 8
Event: 0.407 Thread 0x00007fd2b4000000 Uncommon trap: reason=class_check action=maybe_recompile pc=0x00000001067bc23c method=java.lang.String.equals(Ljava/lang/Object;)Z @ 8
Event: 0.410 Thread 0x00007fd2b4000000 Uncommon trap: reason=class_check action=maybe_recompile pc=0x00000001067bc23c method=java.lang.String.equals(Ljava/lang/Object;)Z @ 8
Event: 0.411 Thread 0x00007fd2b4000000 Uncommon trap: reason=class_check action=maybe_recompile pc=0x00000001067bc23c method=java.lang.String.equals(Ljava/lang/Object;)Z @ 8

Internal exceptions (10 events):
Event: 0.860 Thread 0x00007fd2b4000000 Threw 0x00000007d655c6d8 at /HUDSON/workspace/7u-2-build-macosx-x86_64/jdk7u45/229/hotspot/src/share/vm/prims/jvm.cpp:1244
Event: 0.861 Thread 0x00007fd2b4000000 Threw 0x00000007d656a498 at /HUDSON/workspace/7u-2-build-macosx-x86_64/jdk7u45/229/hotspot/src/share/vm/prims/jvm.cpp:1244
Event: 0.862 Thread 0x00007fd2b4000000 Threw 0x00000007d65792f0 at /HUDSON/workspace/7u-2-build-macosx-x86_64/jdk7u45/229/hotspot/src/share/vm/prims/jvm.cpp:1244
Event: 5.610 Thread 0x00007fd2b4000000 Threw 0x00000007d6586920 at /HUDSON/workspace/7u-2-build-macosx-x86_64/jdk7u45/229/hotspot/src/share/vm/prims/jvm.cpp:1244
Event: 5.611 Thread 0x00007fd2b4000000 Threw 0x00000007d6595340 at /HUDSON/workspace/7u-2-build-macosx-x86_64/jdk7u45/229/hotspot/src/share/vm/prims/jvm.cpp:1244
Event: 5.612 Thread 0x00007fd2b4000000 Threw 0x00000007d65b35d8 at /HUDSON/workspace/7u-2-build-macosx-x86_64/jdk7u45/229/hotspot/src/share/vm/prims/jvm.cpp:1244
Event: 5.612 Thread 0x00007fd2b4000000 Threw 0x00000007d65c2b88 at /HUDSON/workspace/7u-2-build-macosx-x86_64/jdk7u45/229/hotspot/src/share/vm/prims/jvm.cpp:1244
Event: 8.473 Thread 0x00007fd2b4000000 Threw 0x00000007d65cfa70 at /HUDSON/workspace/7u-2-build-macosx-x86_64/jdk7u45/229/hotspot/src/share/vm/prims/jvm.cpp:1244
Event: 8.475 Thread 0x00007fd2b4000000 Threw 0x00000007d65dbad0 at /HUDSON/workspace/7u-2-build-macosx-x86_64/jdk7u45/229/hotspot/src/share/vm/prims/jvm.cpp:1244
Event: 9.535 Thread 0x00007fd2b4000000 Threw 0x00000007d65ea650 at /HUDSON/workspace/7u-2-build-macosx-x86_64/jdk7u45/229/hotspot/src/share/vm/prims/jvm.cpp:1244

Events (10 events):
Event: 2824.703 Executing VM operation: RedefineClasses
Event: 2824.704 Executing VM operation: RedefineClasses done
Event: 3330.078 Executing VM operation: GetOrSetLocal
Event: 3330.079 Executing VM operation: GetOrSetLocal done
Event: 3380.794 Executing VM operation: RedefineClasses
Event: 3380.794 Executing VM operation: RedefineClasses done
Event: 3507.957 Executing VM operation: RedefineClasses
Event: 3507.958 Executing VM operation: RedefineClasses done
Event: 3631.525 Executing VM operation: RedefineClasses
Event: 3631.526 Executing VM operation: RedefineClasses done


Dynamic libraries:
0x000000000b40e000 	/System/Library/Frameworks/Cocoa.framework/Versions/A/Cocoa
0x000000000b40e000 	/System/Library/Frameworks/Security.framework/Versions/A/Security
0x000000000b40e000 	/System/Library/Frameworks/ApplicationServices.framework/Versions/A/ApplicationServices
0x000000000b40e000 	/usr/lib/libz.1.dylib
0x000000000b40e000 	/usr/lib/libSystem.B.dylib
0x000000000b40e000 	/usr/lib/libobjc.A.dylib
0x000000000b40e000 	/System/Library/Frameworks/CoreFoundation.framework/Versions/A/CoreFoundation
0x000000000b40e000 	/System/Library/Frameworks/Foundation.framework/Versions/C/Foundation
0x000000000b40e000 	/System/Library/Frameworks/AppKit.framework/Versions/C/AppKit
0x000000000b40e000 	/System/Library/Frameworks/CoreData.framework/Versions/A/CoreData
0x000000000b40e000 	/System/Library/PrivateFrameworks/RemoteViewServices.framework/Versions/A/RemoteViewServices
0x000000000b40e000 	/System/Library/Frameworks/AudioToolbox.framework/Versions/A/AudioToolbox
0x000000000b40e000 	/System/Library/Frameworks/AudioUnit.framework/Versions/A/AudioUnit
0x000000000b40e000 	/System/Library/PrivateFrameworks/DataDetectorsCore.framework/Versions/A/DataDetectorsCore
0x000000000b40e000 	/System/Library/PrivateFrameworks/DesktopServicesPriv.framework/Versions/A/DesktopServicesPriv
0x000000000b40e000 	/System/Library/Frameworks/Carbon.framework/Versions/A/Frameworks/HIToolbox.framework/Versions/A/HIToolbox
0x000000000b40e000 	/System/Library/Frameworks/QuartzCore.framework/Versions/A/QuartzCore
0x000000000b40e000 	/System/Library/Frameworks/Carbon.framework/Versions/A/Frameworks/SpeechRecognition.framework/Versions/A/SpeechRecognition
0x000000000b40e000 	/usr/lib/libauto.dylib
0x000000000b40e000 	/usr/lib/libicucore.A.dylib
0x000000000b40e000 	/usr/lib/libxml2.2.dylib
0x000000000b40e000 	/System/Library/PrivateFrameworks/CoreUI.framework/Versions/A/CoreUI
0x000000000b40e000 	/System/Library/Frameworks/CoreAudio.framework/Versions/A/CoreAudio
0x000000000b40e000 	/System/Library/Frameworks/DiskArbitration.framework/Versions/A/DiskArbitration
0x000000000b40e000 	/usr/lib/liblangid.dylib
0x000000000b40e000 	/System/Library/PrivateFrameworks/MultitouchSupport.framework/Versions/A/MultitouchSupport
0x000000000b40e000 	/System/Library/Frameworks/IOKit.framework/Versions/A/IOKit
0x000000000b40e000 	/usr/lib/libDiagnosticMessagesClient.dylib
0x000000000b40e000 	/System/Library/Frameworks/CoreServices.framework/Versions/A/CoreServices
0x000000000b40e000 	/System/Library/PrivateFrameworks/PerformanceAnalysis.framework/Versions/A/PerformanceAnalysis
0x000000000b40e000 	/System/Library/PrivateFrameworks/GenerationalStorage.framework/Versions/A/GenerationalStorage
0x000000000b40e000 	/System/Library/Frameworks/OpenGL.framework/Versions/A/OpenGL
0x000000000b40e000 	/System/Library/PrivateFrameworks/Sharing.framework/Versions/A/Sharing
0x000000000b40e000 	/System/Library/Frameworks/ImageIO.framework/Versions/A/ImageIO
0x000000000b40e000 	/System/Library/Frameworks/CoreText.framework/Versions/A/CoreText
0x000000000b40e000 	/System/Library/Frameworks/CoreGraphics.framework/Versions/A/CoreGraphics
0x000000000b40e000 	/System/Library/PrivateFrameworks/Backup.framework/Versions/A/Backup
0x000000000b40e000 	/System/Library/Frameworks/CFNetwork.framework/Versions/A/CFNetwork
0x000000000b40e000 	/System/Library/Frameworks/SystemConfiguration.framework/Versions/A/SystemConfiguration
0x000000000b40e000 	/usr/lib/libCRFSuite.dylib
0x000000000b40e000 	/usr/lib/libc++.1.dylib
0x000000000b40e000 	/usr/lib/libc++abi.dylib
0x000000000b40e000 	/usr/lib/system/libcache.dylib
0x000000000b40e000 	/usr/lib/system/libcommonCrypto.dylib
0x000000000b40e000 	/usr/lib/system/libcompiler_rt.dylib
0x000000000b40e000 	/usr/lib/system/libcopyfile.dylib
0x000000000b40e000 	/usr/lib/system/libcorecrypto.dylib
0x000000000b40e000 	/usr/lib/system/libdispatch.dylib
0x000000000b40e000 	/usr/lib/system/libdyld.dylib
0x000000000b40e000 	/usr/lib/system/libkeymgr.dylib
0x000000000b40e000 	/usr/lib/system/liblaunch.dylib
0x000000000b40e000 	/usr/lib/system/libmacho.dylib
0x000000000b40e000 	/usr/lib/system/libquarantine.dylib
0x000000000b40e000 	/usr/lib/system/libremovefile.dylib
0x000000000b40e000 	/usr/lib/system/libsystem_asl.dylib
0x000000000b40e000 	/usr/lib/system/libsystem_blocks.dylib
0x000000000b40e000 	/usr/lib/system/libsystem_c.dylib
0x000000000b40e000 	/usr/lib/system/libsystem_configuration.dylib
0x000000000b40e000 	/usr/lib/system/libsystem_dnssd.dylib
0x000000000b40e000 	/usr/lib/system/libsystem_info.dylib
0x000000000b40e000 	/usr/lib/system/libsystem_kernel.dylib
0x000000000b40e000 	/usr/lib/system/libsystem_m.dylib
0x000000000b40e000 	/usr/lib/system/libsystem_malloc.dylib
0x000000000b40e000 	/usr/lib/system/libsystem_network.dylib
0x000000000b40e000 	/usr/lib/system/libsystem_notify.dylib
0x000000000b40e000 	/usr/lib/system/libsystem_platform.dylib
0x000000000b40e000 	/usr/lib/system/libsystem_pthread.dylib
0x000000000b40e000 	/usr/lib/system/libsystem_sandbox.dylib
0x000000000b40e000 	/usr/lib/system/libsystem_stats.dylib
0x000000000b40e000 	/usr/lib/system/libunc.dylib
0x000000000b40e000 	/usr/lib/system/libunwind.dylib
0x000000000b40e000 	/usr/lib/system/libxpc.dylib
0x000000000b40e000 	/usr/lib/libbsm.0.dylib
0x000000000b40e000 	/usr/lib/libsqlite3.dylib
0x000000000b40e000 	/usr/lib/libxar.1.dylib
0x000000000b40e000 	/usr/lib/libpam.2.dylib
0x000000000b40e000 	/usr/lib/libOpenScriptingUtil.dylib
0x000000000b40e000 	/usr/lib/libbz2.1.0.dylib
0x000000000b40e000 	/System/Library/Frameworks/CoreServices.framework/Versions/A/Frameworks/CarbonCore.framework/Versions/A/CarbonCore
0x000000000b40e000 	/System/Library/Frameworks/CoreServices.framework/Versions/A/Frameworks/Metadata.framework/Versions/A/Metadata
0x000000000b40e000 	/System/Library/Frameworks/CoreServices.framework/Versions/A/Frameworks/OSServices.framework/Versions/A/OSServices
0x000000000b40e000 	/System/Library/Frameworks/CoreServices.framework/Versions/A/Frameworks/SearchKit.framework/Versions/A/SearchKit
0x000000000b40e000 	/System/Library/Frameworks/CoreServices.framework/Versions/A/Frameworks/AE.framework/Versions/A/AE
0x000000000b40e000 	/System/Library/Frameworks/CoreServices.framework/Versions/A/Frameworks/LaunchServices.framework/Versions/A/LaunchServices
0x000000000b40e000 	/System/Library/Frameworks/CoreServices.framework/Versions/A/Frameworks/DictionaryServices.framework/Versions/A/DictionaryServices
0x000000000b40e000 	/System/Library/Frameworks/NetFS.framework/Versions/A/NetFS
0x000000000b40e000 	/usr/lib/system/libkxld.dylib
0x000000000b40e000 	/System/Library/PrivateFrameworks/NetAuth.framework/Versions/A/NetAuth
0x000000000b40e000 	/System/Library/PrivateFrameworks/TCC.framework/Versions/A/TCC
0x000000000b40e000 	/System/Library/Frameworks/OpenDirectory.framework/Versions/A/Frameworks/CFOpenDirectory.framework/Versions/A/CFOpenDirectory
0x000000000b40e000 	/System/Library/Frameworks/ServiceManagement.framework/Versions/A/ServiceManagement
0x000000000b40e000 	/usr/lib/libxslt.1.dylib
0x000000000b40e000 	/System/Library/Frameworks/Carbon.framework/Versions/A/Frameworks/Ink.framework/Versions/A/Ink
0x000000000b40e000 	/System/Library/Frameworks/ApplicationServices.framework/Versions/A/Frameworks/ATS.framework/Versions/A/ATS
0x000000000b40e000 	/System/Library/Frameworks/ApplicationServices.framework/Versions/A/Frameworks/ColorSync.framework/Versions/A/ColorSync
0x000000000b40e000 	/System/Library/Frameworks/ApplicationServices.framework/Versions/A/Frameworks/HIServices.framework/Versions/A/HIServices
0x000000000b40e000 	/System/Library/Frameworks/ApplicationServices.framework/Versions/A/Frameworks/LangAnalysis.framework/Versions/A/LangAnalysis
0x000000000b40e000 	/System/Library/Frameworks/ApplicationServices.framework/Versions/A/Frameworks/PrintCore.framework/Versions/A/PrintCore
0x000000000b40e000 	/System/Library/Frameworks/ApplicationServices.framework/Versions/A/Frameworks/QD.framework/Versions/A/QD
0x000000000b40e000 	/System/Library/Frameworks/ApplicationServices.framework/Versions/A/Frameworks/SpeechSynthesis.framework/Versions/A/SpeechSynthesis
0x000000000b40e000 	/System/Library/Frameworks/IOSurface.framework/Versions/A/IOSurface
0x000000000b40e000 	/System/Library/Frameworks/Accelerate.framework/Versions/A/Accelerate
0x000000000b40e000 	/System/Library/Frameworks/Accelerate.framework/Versions/A/Frameworks/vImage.framework/Versions/A/vImage
0x000000000b40e000 	/System/Library/Frameworks/Accelerate.framework/Versions/A/Frameworks/vecLib.framework/Versions/A/vecLib
0x000000000b40e000 	/System/Library/Frameworks/Accelerate.framework/Versions/A/Frameworks/vecLib.framework/Versions/A/libvDSP.dylib
0x000000000b40e000 	/System/Library/Frameworks/Accelerate.framework/Versions/A/Frameworks/vecLib.framework/Versions/A/libvMisc.dylib
0x000000000b40e000 	/System/Library/Frameworks/Accelerate.framework/Versions/A/Frameworks/vecLib.framework/Versions/A/libLAPACK.dylib
0x000000000b40e000 	/System/Library/Frameworks/Accelerate.framework/Versions/A/Frameworks/vecLib.framework/Versions/A/libBLAS.dylib
0x000000000b40e000 	/System/Library/Frameworks/ApplicationServices.framework/Versions/A/Frameworks/ATS.framework/Versions/A/Resources/libFontParser.dylib
0x000000000b40e000 	/System/Library/Frameworks/ApplicationServices.framework/Versions/A/Frameworks/ATS.framework/Versions/A/Resources/libFontRegistry.dylib
0x000000000b40e000 	/System/Library/Frameworks/ImageIO.framework/Versions/A/Resources/libJPEG.dylib
0x000000000b40e000 	/System/Library/Frameworks/ImageIO.framework/Versions/A/Resources/libTIFF.dylib
0x000000000b40e000 	/System/Library/Frameworks/ImageIO.framework/Versions/A/Resources/libPng.dylib
0x000000000b40e000 	/System/Library/Frameworks/ImageIO.framework/Versions/A/Resources/libGIF.dylib
0x000000000b40e000 	/System/Library/Frameworks/ImageIO.framework/Versions/A/Resources/libJP2.dylib
0x000000000b40e000 	/System/Library/Frameworks/ImageIO.framework/Versions/A/Resources/libRadiance.dylib
0x000000000b40e000 	/usr/lib/libcups.2.dylib
0x000000000b40e000 	/System/Library/Frameworks/Kerberos.framework/Versions/A/Kerberos
0x000000000b40e000 	/System/Library/Frameworks/GSS.framework/Versions/A/GSS
0x000000000b40e000 	/usr/lib/libresolv.9.dylib
0x000000000b40e000 	/usr/lib/libiconv.2.dylib
0x000000000b40e000 	/System/Library/PrivateFrameworks/Heimdal.framework/Versions/A/Heimdal
0x000000000b40e000 	/System/Library/PrivateFrameworks/TrustEvaluationAgent.framework/Versions/A/TrustEvaluationAgent
0x000000000b40e000 	/usr/lib/libheimdal-asn1.dylib
0x000000000b40e000 	/System/Library/Frameworks/OpenDirectory.framework/Versions/A/OpenDirectory
0x000000000b40e000 	/System/Library/PrivateFrameworks/CommonAuth.framework/Versions/A/CommonAuth
0x000000000b40e000 	/System/Library/Frameworks/SecurityFoundation.framework/Versions/A/SecurityFoundation
0x000000000b40e000 	/System/Library/PrivateFrameworks/Bom.framework/Versions/A/Bom
0x000000000b40e000 	/System/Library/Frameworks/CoreVideo.framework/Versions/A/CoreVideo
0x000000000b40e000 	/System/Library/Frameworks/QuartzCore.framework/Versions/A/Frameworks/CoreImage.framework/Versions/A/CoreImage
0x000000000b40e000 	/System/Library/Frameworks/QuartzCore.framework/Versions/A/Frameworks/ScalableUserInterface.framework/Versions/A/ScalableUserInterface
0x000000000b40e000 	/System/Library/Frameworks/OpenGL.framework/Versions/A/Libraries/libGLU.dylib
0x000000000b40e000 	/System/Library/Frameworks/OpenGL.framework/Versions/A/Libraries/libGFXShared.dylib
0x000000000b40e000 	/System/Library/Frameworks/OpenGL.framework/Versions/A/Libraries/libGL.dylib
0x000000000b40e000 	/System/Library/Frameworks/OpenGL.framework/Versions/A/Libraries/libGLImage.dylib
0x000000000b40e000 	/System/Library/Frameworks/OpenGL.framework/Versions/A/Libraries/libCVMSPluginSupport.dylib
0x000000000b40e000 	/System/Library/Frameworks/OpenGL.framework/Versions/A/Libraries/libCoreVMClient.dylib
0x000000000b40e000 	/System/Library/PrivateFrameworks/FaceCore.framework/Versions/A/FaceCore
0x000000000b40e000 	/System/Library/PrivateFrameworks/CrashReporterSupport.framework/Versions/A/CrashReporterSupport
0x000000000b40e000 	/System/Library/Frameworks/OpenCL.framework/Versions/A/OpenCL
0x000000000b40e000 	/System/Library/PrivateFrameworks/AppleFSCompression.framework/Versions/A/AppleFSCompression
0x000000000b40e000 	/System/Library/PrivateFrameworks/Ubiquity.framework/Versions/A/Ubiquity
0x000000000b40e000 	/System/Library/PrivateFrameworks/IconServices.framework/Versions/A/IconServices
0x000000000b40e000 	/System/Library/PrivateFrameworks/ChunkingLibrary.framework/Versions/A/ChunkingLibrary
0x000000000b40e000 	/System/Library/PrivateFrameworks/CoreSymbolication.framework/Versions/A/CoreSymbolication
0x000000000b40e000 	/System/Library/PrivateFrameworks/Symbolication.framework/Versions/A/Symbolication
0x000000000b40e000 	/System/Library/PrivateFrameworks/DebugSymbols.framework/Versions/A/DebugSymbols
0x0000000105c00000 	/Library/Java/JavaVirtualMachines/jdk1.7.0_45.jdk/Contents/Home/jre/lib/server/libjvm.dylib
0x000000000b40e000 	/usr/lib/libstdc++.6.dylib
0x0000000104be7000 	/Library/Java/JavaVirtualMachines/jdk1.7.0_45.jdk/Contents/Home/jre/lib/libverify.dylib
0x00000001066d6000 	/Library/Java/JavaVirtualMachines/jdk1.7.0_45.jdk/Contents/Home/jre/lib/libjava.dylib
0x0000000106706000 	/Library/Java/JavaVirtualMachines/jdk1.7.0_45.jdk/Contents/Home/jre/lib/libjdwp.dylib
0x0000000104bf5000 	/Library/Java/JavaVirtualMachines/jdk1.7.0_45.jdk/Contents/Home/jre/lib/libnpt.dylib
0x000000010674b000 	/Library/Java/JavaVirtualMachines/jdk1.7.0_45.jdk/Contents/Home/jre/lib/libzip.dylib
0x000000011104b000 	/System/Library/Frameworks/JavaVM.framework/Frameworks/JavaRuntimeSupport.framework/JavaRuntimeSupport
0x0000000111063000 	/System/Library/Frameworks/JavaVM.framework/Versions/A/Frameworks/JavaNativeFoundation.framework/Versions/A/JavaNativeFoundation
0x0000000111078000 	/System/Library/Frameworks/JavaVM.framework/Versions/A/JavaVM
0x000000000b40e000 	/System/Library/Frameworks/Carbon.framework/Versions/A/Carbon
0x0000000111085000 	/System/Library/PrivateFrameworks/JavaLaunching.framework/Versions/A/JavaLaunching
0x000000000b40e000 	/System/Library/Frameworks/Carbon.framework/Versions/A/Frameworks/CommonPanels.framework/Versions/A/CommonPanels
0x000000000b40e000 	/System/Library/Frameworks/Carbon.framework/Versions/A/Frameworks/Help.framework/Versions/A/Help
0x000000000b40e000 	/System/Library/Frameworks/Carbon.framework/Versions/A/Frameworks/ImageCapture.framework/Versions/A/ImageCapture
0x000000000b40e000 	/System/Library/Frameworks/Carbon.framework/Versions/A/Frameworks/OpenScripting.framework/Versions/A/OpenScripting
0x000000000b40e000 	/System/Library/Frameworks/Carbon.framework/Versions/A/Frameworks/Print.framework/Versions/A/Print
0x000000000b40e000 	/System/Library/Frameworks/Carbon.framework/Versions/A/Frameworks/SecurityHI.framework/Versions/A/SecurityHI
0x0000000111194000 	/Library/Java/JavaVirtualMachines/jdk1.7.0_45.jdk/Contents/Home/jre/lib/libdt_socket.dylib
0x0000000111c15000 	/Library/Java/JavaVirtualMachines/jdk1.7.0_45.jdk/Contents/Home/jre/lib/libnio.dylib
0x0000000111c24000 	/Library/Java/JavaVirtualMachines/jdk1.7.0_45.jdk/Contents/Home/jre/lib/./libnet.dylib

VM Arguments:
jvm_args: -agentlib:jdwp=transport=dt_socket,suspend=y,address=localhost:64066 -Dfile.encoding=US-ASCII 
java_command: org.eclipse.scava.platform.bugtrackingsystem.github.GitHubManager
Launcher Type: SUN_STANDARD

Environment Variables:
PATH=/usr/bin:/bin:/usr/sbin:/sbin
SHELL=/bin/bash
DISPLAY=/tmp/launch-5BvQLl/org.macosforge.xquartz:0

Signal Handlers:
SIGSEGV: [libjvm.dylib+0x525415], sa_mask[0]=0xfffefeff, sa_flags=0x00000043
SIGBUS: [libjvm.dylib+0x525415], sa_mask[0]=0xfffefeff, sa_flags=0x00000042
SIGFPE: [libjvm.dylib+0x41891a], sa_mask[0]=0xfffefeff, sa_flags=0x00000042
SIGPIPE: [libjvm.dylib+0x41891a], sa_mask[0]=0xfffefeff, sa_flags=0x00000042
SIGXFSZ: [libjvm.dylib+0x41891a], sa_mask[0]=0xfffefeff, sa_flags=0x00000042
SIGILL: [libjvm.dylib+0x41891a], sa_mask[0]=0xfffefeff, sa_flags=0x00000042
SIGUSR1: SIG_DFL, sa_mask[0]=0x00000000, sa_flags=0x00000002
SIGUSR2: [libjvm.dylib+0x41840c], sa_mask[0]=0x00000004, sa_flags=0x00000042
SIGHUP: [libjvm.dylib+0x41669b], sa_mask[0]=0xfffefeff, sa_flags=0x00000042
SIGINT: [libjvm.dylib+0x41669b], sa_mask[0]=0xfffefeff, sa_flags=0x00000042
SIGTERM: [libjvm.dylib+0x41669b], sa_mask[0]=0xfffefeff, sa_flags=0x00000042
SIGQUIT: [libjvm.dylib+0x41669b], sa_mask[0]=0xfffefeff, sa_flags=0x00000042


---------------  S Y S T E M  ---------------

OS:Bsduname:Darwin 13.1.0 Darwin Kernel Version 13.1.0: Wed Apr  2 23:52:02 PDT 2014; root:xnu-2422.92.1~2/RELEASE_X86_64 x86_64
rlimit: STACK 8192k, CORE 0k, NPROC 709, NOFILE 10240, AS infinity
load average:1.67 1.45 1.34

CPU:total 8 (4 cores per cpu, 2 threads per core) family 6 model 42 stepping 7, cmov, cx8, fxsr, mmx, sse, sse2, sse3, ssse3, sse4.1, sse4.2, popcnt, avx, aes, ht, tsc, tscinvbit

Memory: 4k page, physical 8388608k(2097152k free)

/proc/meminfo:


vm_info: Java HotSpot(TM) 64-Bit Server VM (24.45-b08) for bsd-amd64 JRE (1.7.0_45-b18), built on Oct  8 2013 05:54:16 by "java_re" with gcc 4.2.1 (Based on Apple Inc. build 5658) (LLVM build 2336.11.00)

time: Fri Jun 13 14:56:30 2014
elapsed time: 3631 seconds

